<?xml version="1.0" encoding="UTF-8"?>
<testng-results skipped="0" failed="0" ignored="0" total="1" passed="1">
  <reporter-output>
  </reporter-output>
  <suite name="Default suite" duration-ms="4418" started-at="2021-07-26T17:05:02 IST" finished-at="2021-07-26T17:05:06 IST">
    <groups>
    </groups>
    <test name="Default test" duration-ms="4418" started-at="2021-07-26T17:05:02 IST" finished-at="2021-07-26T17:05:06 IST">
      <class name="com.test.restassured.Demo_getrequest_tc001">
        <test-method status="PASS" signature="getweayherDetails()[pri:0, instance:com.test.restassured.Demo_getrequest_tc001@7100dea]" name="getweayherDetails" duration-ms="4326" started-at="2021-07-26T17:05:02 IST" finished-at="2021-07-26T17:05:06 IST">
          <reporter-output>
          </reporter-output>
        </test-method> <!-- getweayherDetails -->
      </class> <!-- com.test.restassured.Demo_getrequest_tc001 -->
    </test> <!-- Default test -->
  </suite> <!-- Default suite -->
</testng-results>
